  TP4_1.cpp
C:\Users\Станислав\OneDrive\Рабочий стол\TP4_1\TP4_1\plenty.cpp(12,17): warning C4566: символ, представленный универсальным именем символа "\u0412", невозможно представить в текущей кодовой странице (1252)
C:\Users\Станислав\OneDrive\Рабочий стол\TP4_1\TP4_1\plenty.cpp(12,17): warning C4566: символ, представленный универсальным именем символа "\u0435", невозможно представить в текущей кодовой странице (1252)
C:\Users\Станислав\OneDrive\Рабочий стол\TP4_1\TP4_1\plenty.cpp(12,17): warning C4566: символ, представленный универсальным именем символа "\u0440", невозможно представить в текущей кодовой странице (1252)
C:\Users\Станислав\OneDrive\Рабочий стол\TP4_1\TP4_1\plenty.cpp(12,17): warning C4566: символ, представленный универсальным именем символа "\u0445", невозможно представить в текущей кодовой странице (1252)
C:\Users\Станислав\OneDrive\Рабочий стол\TP4_1\TP4_1\plenty.cpp(12,17): warning C4566: символ, представленный универсальным именем символа "\u043D", невозможно представить в текущей кодовой странице (1252)
C:\Users\Станислав\OneDrive\Рабочий стол\TP4_1\TP4_1\plenty.cpp(12,17): warning C4566: символ, представленный универсальным именем символа "\u044F", невозможно представить в текущей кодовой странице (1252)
C:\Users\Станислав\OneDrive\Рабочий стол\TP4_1\TP4_1\plenty.cpp(12,17): warning C4566: символ, представленный универсальным именем символа "\u0433", невозможно представить в текущей кодовой странице (1252)
C:\Users\Станислав\OneDrive\Рабочий стол\TP4_1\TP4_1\plenty.cpp(12,17): warning C4566: символ, представленный универсальным именем символа "\u0430", невозможно представить в текущей кодовой странице (1252)
C:\Users\Станислав\OneDrive\Рабочий стол\TP4_1\TP4_1\plenty.cpp(12,17): warning C4566: символ, представленный универсальным именем символа "\u0438", невозможно представить в текущей кодовой странице (1252)
C:\Users\Станислав\OneDrive\Рабочий стол\TP4_1\TP4_1\plenty.cpp(12,17): warning C4566: символ, представленный универсальным именем символа "\u0446", невозможно представить в текущей кодовой странице (1252)
C:\Users\Станислав\OneDrive\Рабочий стол\TP4_1\TP4_1\plenty.cpp(12,17): warning C4566: символ, представленный универсальным именем символа "\u0434", невозможно представить в текущей кодовой странице (1252)
C:\Users\Станислав\OneDrive\Рабочий стол\TP4_1\TP4_1\plenty.cpp(12,17): warning C4566: символ, представленный универсальным именем символа "\u043E", невозможно представить в текущей кодовой странице (1252)
C:\Users\Станислав\OneDrive\Рабочий стол\TP4_1\TP4_1\plenty.cpp(12,17): warning C4566: символ, представленный универсальным именем символа "\u043C", невозможно представить в текущей кодовой странице (1252)
C:\Users\Станислав\OneDrive\Рабочий стол\TP4_1\TP4_1\plenty.cpp(21,17): warning C4566: символ, представленный универсальным именем символа "\u0412", невозможно представить в текущей кодовой странице (1252)
C:\Users\Станислав\OneDrive\Рабочий стол\TP4_1\TP4_1\plenty.cpp(21,17): warning C4566: символ, представленный универсальным именем символа "\u0432", невозможно представить в текущей кодовой странице (1252)
C:\Users\Станислав\OneDrive\Рабочий стол\TP4_1\TP4_1\plenty.cpp(21,17): warning C4566: символ, представленный универсальным именем символа "\u0435", невозможно представить в текущей кодовой странице (1252)
C:\Users\Станислав\OneDrive\Рабочий стол\TP4_1\TP4_1\plenty.cpp(21,17): warning C4566: символ, представленный универсальным именем символа "\u0434", невозможно представить в текущей кодовой странице (1252)
C:\Users\Станислав\OneDrive\Рабочий стол\TP4_1\TP4_1\plenty.cpp(21,17): warning C4566: символ, представленный универсальным именем символа "\u0438", невозможно представить в текущей кодовой странице (1252)
C:\Users\Станислав\OneDrive\Рабочий стол\TP4_1\TP4_1\plenty.cpp(21,17): warning C4566: символ, представленный универсальным именем символа "\u0442", невозможно представить в текущей кодовой странице (1252)
C:\Users\Станислав\OneDrive\Рабочий стол\TP4_1\TP4_1\plenty.cpp(21,17): warning C4566: символ, представленный универсальным именем символа "\u0440", невозможно представить в текущей кодовой странице (1252)
C:\Users\Станислав\OneDrive\Рабочий стол\TP4_1\TP4_1\plenty.cpp(21,17): warning C4566: символ, представленный универсальным именем символа "\u0430", невозможно представить в текущей кодовой странице (1252)
C:\Users\Станислав\OneDrive\Рабочий стол\TP4_1\TP4_1\plenty.cpp(21,17): warning C4566: символ, представленный универсальным именем символа "\u0437", невозможно представить в текущей кодовой странице (1252)
C:\Users\Станислав\OneDrive\Рабочий стол\TP4_1\TP4_1\plenty.cpp(21,17): warning C4566: символ, представленный универсальным именем символа "\u043C", невозможно представить в текущей кодовой странице (1252)
C:\Users\Станислав\OneDrive\Рабочий стол\TP4_1\TP4_1\plenty.cpp(21,17): warning C4566: символ, представленный универсальным именем символа "\u0441", невозможно представить в текущей кодовой странице (1252)
C:\Users\Станислав\OneDrive\Рабочий стол\TP4_1\TP4_1\plenty.cpp(21,17): warning C4566: символ, представленный универсальным именем символа "\u043E", невозможно представить в текущей кодовой странице (1252)
C:\Users\Станислав\OneDrive\Рабочий стол\TP4_1\TP4_1\plenty.cpp(49,21): warning C4566: символ, представленный универсальным именем символа "\u041C", невозможно представить в текущей кодовой странице (1252)
C:\Users\Станислав\OneDrive\Рабочий стол\TP4_1\TP4_1\plenty.cpp(49,21): warning C4566: символ, представленный универсальным именем символа "\u043D", невозможно представить в текущей кодовой странице (1252)
C:\Users\Станислав\OneDrive\Рабочий стол\TP4_1\TP4_1\plenty.cpp(49,21): warning C4566: символ, представленный универсальным именем символа "\u043E", невозможно представить в текущей кодовой странице (1252)
C:\Users\Станислав\OneDrive\Рабочий стол\TP4_1\TP4_1\plenty.cpp(49,21): warning C4566: символ, представленный универсальным именем символа "\u0436", невозможно представить в текущей кодовой странице (1252)
C:\Users\Станислав\OneDrive\Рабочий стол\TP4_1\TP4_1\plenty.cpp(49,21): warning C4566: символ, представленный универсальным именем символа "\u0435", невозможно представить в текущей кодовой странице (1252)
C:\Users\Станислав\OneDrive\Рабочий стол\TP4_1\TP4_1\plenty.cpp(49,21): warning C4566: символ, представленный универсальным именем символа "\u0441", невозможно представить в текущей кодовой странице (1252)
C:\Users\Станислав\OneDrive\Рабочий стол\TP4_1\TP4_1\plenty.cpp(49,21): warning C4566: символ, представленный универсальным именем символа "\u0442", невозможно представить в текущей кодовой странице (1252)
C:\Users\Станислав\OneDrive\Рабочий стол\TP4_1\TP4_1\plenty.cpp(49,21): warning C4566: символ, представленный универсальным именем символа "\u0432", невозможно представить в текущей кодовой странице (1252)
C:\Users\Станислав\OneDrive\Рабочий стол\TP4_1\TP4_1\plenty.cpp(49,21): warning C4566: символ, представленный универсальным именем символа "\u0430", невозможно представить в текущей кодовой странице (1252)
C:\Users\Станислав\OneDrive\Рабочий стол\TP4_1\TP4_1\plenty.cpp(49,21): warning C4566: символ, представленный универсальным именем символа "\u043F", невозможно представить в текущей кодовой странице (1252)
C:\Users\Станислав\OneDrive\Рабочий стол\TP4_1\TP4_1\plenty.cpp(49,21): warning C4566: символ, представленный универсальным именем символа "\u0434", невозможно представить в текущей кодовой странице (1252)
C:\Users\Станислав\OneDrive\Рабочий стол\TP4_1\TP4_1\plenty.cpp(49,21): warning C4566: символ, представленный универсальным именем символа "\u044E", невозможно представить в текущей кодовой странице (1252)
C:\Users\Станислав\OneDrive\Рабочий стол\TP4_1\TP4_1\plenty.cpp(53,13): warning C4566: символ, представленный универсальным именем символа "\u041C", невозможно представить в текущей кодовой странице (1252)
C:\Users\Станислав\OneDrive\Рабочий стол\TP4_1\TP4_1\plenty.cpp(53,13): warning C4566: символ, представленный универсальным именем символа "\u043D", невозможно представить в текущей кодовой странице (1252)
C:\Users\Станислав\OneDrive\Рабочий стол\TP4_1\TP4_1\plenty.cpp(53,13): warning C4566: символ, представленный универсальным именем символа "\u043E", невозможно представить в текущей кодовой странице (1252)
C:\Users\Станислав\OneDrive\Рабочий стол\TP4_1\TP4_1\plenty.cpp(53,13): warning C4566: символ, представленный универсальным именем символа "\u0436", невозможно представить в текущей кодовой странице (1252)
C:\Users\Станислав\OneDrive\Рабочий стол\TP4_1\TP4_1\plenty.cpp(53,13): warning C4566: символ, представленный универсальным именем символа "\u0435", невозможно представить в текущей кодовой странице (1252)
C:\Users\Станислав\OneDrive\Рабочий стол\TP4_1\TP4_1\plenty.cpp(53,13): warning C4566: символ, представленный универсальным именем символа "\u0441", невозможно представить в текущей кодовой странице (1252)
C:\Users\Станислав\OneDrive\Рабочий стол\TP4_1\TP4_1\plenty.cpp(53,13): warning C4566: символ, представленный универсальным именем символа "\u0442", невозможно представить в текущей кодовой странице (1252)
C:\Users\Станислав\OneDrive\Рабочий стол\TP4_1\TP4_1\plenty.cpp(53,13): warning C4566: символ, представленный универсальным именем символа "\u0432", невозможно представить в текущей кодовой странице (1252)
C:\Users\Станислав\OneDrive\Рабочий стол\TP4_1\TP4_1\plenty.cpp(53,13): warning C4566: символ, представленный универсальным именем символа "\u0430", невозможно представить в текущей кодовой странице (1252)
C:\Users\Станислав\OneDrive\Рабочий стол\TP4_1\TP4_1\plenty.cpp(53,13): warning C4566: символ, представленный универсальным именем символа "\u043F", невозможно представить в текущей кодовой странице (1252)
C:\Users\Станислав\OneDrive\Рабочий стол\TP4_1\TP4_1\plenty.cpp(53,13): warning C4566: символ, представленный универсальным именем символа "\u0434", невозможно представить в текущей кодовой странице (1252)
C:\Users\Станислав\OneDrive\Рабочий стол\TP4_1\TP4_1\plenty.cpp(53,13): warning C4566: символ, представленный универсальным именем символа "\u044E", невозможно представить в текущей кодовой странице (1252)
C:\Users\Станислав\OneDrive\Рабочий стол\TP4_1\TP4_1\plenty.cpp(63,21): warning C4566: символ, представленный универсальным именем символа "\u041C", невозможно представить в текущей кодовой странице (1252)
C:\Users\Станислав\OneDrive\Рабочий стол\TP4_1\TP4_1\plenty.cpp(63,21): warning C4566: символ, представленный универсальным именем символа "\u043D", невозможно представить в текущей кодовой странице (1252)
C:\Users\Станислав\OneDrive\Рабочий стол\TP4_1\TP4_1\plenty.cpp(63,21): warning C4566: символ, представленный универсальным именем символа "\u043E", невозможно представить в текущей кодовой странице (1252)
C:\Users\Станислав\OneDrive\Рабочий стол\TP4_1\TP4_1\plenty.cpp(63,21): warning C4566: символ, представленный универсальным именем символа "\u0436", невозможно представить в текущей кодовой странице (1252)
C:\Users\Станислав\OneDrive\Рабочий стол\TP4_1\TP4_1\plenty.cpp(63,21): warning C4566: символ, представленный универсальным именем символа "\u0435", невозможно представить в текущей кодовой странице (1252)
C:\Users\Станислав\OneDrive\Рабочий стол\TP4_1\TP4_1\plenty.cpp(63,21): warning C4566: символ, представленный универсальным именем символа "\u0441", невозможно представить в текущей кодовой странице (1252)
C:\Users\Станислав\OneDrive\Рабочий стол\TP4_1\TP4_1\plenty.cpp(63,21): warning C4566: символ, представленный универсальным именем символа "\u0442", невозможно представить в текущей кодовой странице (1252)
C:\Users\Станислав\OneDrive\Рабочий стол\TP4_1\TP4_1\plenty.cpp(63,21): warning C4566: символ, представленный универсальным именем символа "\u0432", невозможно представить в текущей кодовой странице (1252)
C:\Users\Станислав\OneDrive\Рабочий стол\TP4_1\TP4_1\plenty.cpp(63,21): warning C4566: символ, представленный универсальным именем символа "\u0430", невозможно представить в текущей кодовой странице (1252)
C:\Users\Станислав\OneDrive\Рабочий стол\TP4_1\TP4_1\plenty.cpp(63,21): warning C4566: символ, представленный универсальным именем символа "\u043F", невозможно представить в текущей кодовой странице (1252)
C:\Users\Станислав\OneDrive\Рабочий стол\TP4_1\TP4_1\plenty.cpp(63,21): warning C4566: символ, представленный универсальным именем символа "\u0434", невозможно представить в текущей кодовой странице (1252)
C:\Users\Станислав\OneDrive\Рабочий стол\TP4_1\TP4_1\plenty.cpp(63,21): warning C4566: символ, представленный универсальным именем символа "\u044E", невозможно представить в текущей кодовой странице (1252)
C:\Users\Станислав\OneDrive\Рабочий стол\TP4_1\TP4_1\plenty.cpp(67,13): warning C4566: символ, представленный универсальным именем символа "\u041C", невозможно представить в текущей кодовой странице (1252)
C:\Users\Станислав\OneDrive\Рабочий стол\TP4_1\TP4_1\plenty.cpp(67,13): warning C4566: символ, представленный универсальным именем символа "\u043D", невозможно представить в текущей кодовой странице (1252)
C:\Users\Станислав\OneDrive\Рабочий стол\TP4_1\TP4_1\plenty.cpp(67,13): warning C4566: символ, представленный универсальным именем символа "\u043E", невозможно представить в текущей кодовой странице (1252)
C:\Users\Станислав\OneDrive\Рабочий стол\TP4_1\TP4_1\plenty.cpp(67,13): warning C4566: символ, представленный универсальным именем символа "\u0436", невозможно представить в текущей кодовой странице (1252)
C:\Users\Станислав\OneDrive\Рабочий стол\TP4_1\TP4_1\plenty.cpp(67,13): warning C4566: символ, представленный универсальным именем символа "\u0435", невозможно представить в текущей кодовой странице (1252)
C:\Users\Станислав\OneDrive\Рабочий стол\TP4_1\TP4_1\plenty.cpp(67,13): warning C4566: символ, представленный универсальным именем символа "\u0441", невозможно представить в текущей кодовой странице (1252)
C:\Users\Станислав\OneDrive\Рабочий стол\TP4_1\TP4_1\plenty.cpp(67,13): warning C4566: символ, представленный универсальным именем символа "\u0442", невозможно представить в текущей кодовой странице (1252)
C:\Users\Станислав\OneDrive\Рабочий стол\TP4_1\TP4_1\plenty.cpp(67,13): warning C4566: символ, представленный универсальным именем символа "\u0432", невозможно представить в текущей кодовой странице (1252)
C:\Users\Станислав\OneDrive\Рабочий стол\TP4_1\TP4_1\plenty.cpp(67,13): warning C4566: символ, представленный универсальным именем символа "\u0430", невозможно представить в текущей кодовой странице (1252)
C:\Users\Станислав\OneDrive\Рабочий стол\TP4_1\TP4_1\plenty.cpp(67,13): warning C4566: символ, представленный универсальным именем символа "\u043F", невозможно представить в текущей кодовой странице (1252)
C:\Users\Станислав\OneDrive\Рабочий стол\TP4_1\TP4_1\plenty.cpp(67,13): warning C4566: символ, представленный универсальным именем символа "\u0434", невозможно представить в текущей кодовой странице (1252)
C:\Users\Станислав\OneDrive\Рабочий стол\TP4_1\TP4_1\plenty.cpp(67,13): warning C4566: символ, представленный универсальным именем символа "\u044E", невозможно представить в текущей кодовой странице (1252)
  TP4_1.vcxproj -> C:\Users\Станислав\OneDrive\Рабочий стол\TP4_1\x64\Debug\TP4_1.exe
